C:\USERS\LOKO\DOCUMENTS\CODE\C++\JLMATH\DEBUG\JLMATH.EXE
C:\USERS\LOKO\DOCUMENTS\CODE\C++\JLMATH\DEBUG\JLMATH.ILK
C:\USERS\LOKO\DOCUMENTS\CODE\C++\JLMATH\DEBUG\JLMATH.PDB
C:\Users\Loko\Documents\Code\C++\jlmath\jlmath\Debug\CL.4000.read.1.tlog
C:\Users\Loko\Documents\Code\C++\jlmath\jlmath\Debug\CL.4000.write.1.tlog
C:\Users\Loko\Documents\Code\C++\jlmath\jlmath\Debug\CL.4784.read.1.tlog
C:\Users\Loko\Documents\Code\C++\jlmath\jlmath\Debug\CL.4784.write.1.tlog
C:\Users\Loko\Documents\Code\C++\jlmath\jlmath\Debug\CL.5884.read.1.tlog
C:\Users\Loko\Documents\Code\C++\jlmath\jlmath\Debug\CL.5884.write.1.tlog
C:\Users\Loko\Documents\Code\C++\jlmath\jlmath\Debug\CL.5980.read.1.tlog
C:\Users\Loko\Documents\Code\C++\jlmath\jlmath\Debug\CL.5980.write.1.tlog
C:\Users\Loko\Documents\Code\C++\jlmath\jlmath\Debug\cl.command.1.tlog
C:\Users\Loko\Documents\Code\C++\jlmath\jlmath\Debug\CL.read.1.tlog
C:\Users\Loko\Documents\Code\C++\jlmath\jlmath\Debug\cl.write.1.tlog
C:\USERS\LOKO\DOCUMENTS\CODE\C++\JLMATH\JLMATH\DEBUG\JLMATH.EXE.INTERMEDIATE.MANIFEST
C:\Users\Loko\Documents\Code\C++\jlmath\jlmath\Debug\jlmath.write.1.tlog
C:\Users\Loko\Documents\Code\C++\jlmath\jlmath\Debug\jlmath_test.obj
C:\Users\Loko\Documents\Code\C++\jlmath\jlmath\Debug\link.command.1.tlog
C:\Users\Loko\Documents\Code\C++\jlmath\jlmath\Debug\link.read.1.tlog
C:\Users\Loko\Documents\Code\C++\jlmath\jlmath\Debug\link.write.1.tlog
C:\Users\Loko\Documents\Code\C++\jlmath\jlmath\Debug\mt.command.1.tlog
C:\Users\Loko\Documents\Code\C++\jlmath\jlmath\Debug\mt.read.1.tlog
C:\Users\Loko\Documents\Code\C++\jlmath\jlmath\Debug\mt.write.1.tlog
C:\Users\Loko\Documents\Code\C++\jlmath\jlmath\Debug\sbCore.obj
C:\Users\Loko\Documents\Code\C++\jlmath\jlmath\Debug\sbMath.obj
C:\Users\Loko\Documents\Code\C++\jlmath\jlmath\Debug\sbMatrix4.obj
C:\Users\Loko\Documents\Code\C++\jlmath\jlmath\Debug\sbMemory.obj
C:\Users\Loko\Documents\Code\C++\jlmath\jlmath\Debug\sbQuaternion.obj
C:\Users\Loko\Documents\Code\C++\jlmath\jlmath\Debug\sbRandom.obj
C:\Users\Loko\Documents\Code\C++\jlmath\jlmath\Debug\sbVector2.obj
C:\Users\Loko\Documents\Code\C++\jlmath\jlmath\Debug\sbVector4.obj
C:\USERS\LOKO\DOCUMENTS\CODE\C++\JLMATH\JLMATH\DEBUG\VC100.PDB
