C:\Users\Loko\Documents\Code\C++\jlmath\jlmath\Release\cl.command.1.tlog
C:\Users\Loko\Documents\Code\C++\jlmath\jlmath\Release\CL.read.1.tlog
C:\Users\Loko\Documents\Code\C++\jlmath\jlmath\Release\CL.write.1.tlog
C:\USERS\LOKO\DOCUMENTS\CODE\C++\JLMATH\JLMATH\RELEASE\JLCORE.OBJ
C:\USERS\LOKO\DOCUMENTS\CODE\C++\JLMATH\JLMATH\RELEASE\JLMATH.EXE.INTERMEDIATE.MANIFEST
C:\USERS\LOKO\DOCUMENTS\CODE\C++\JLMATH\JLMATH\RELEASE\JLMATH.OBJ
C:\Users\Loko\Documents\Code\C++\jlmath\jlmath\Release\jlmath.write.1.tlog
C:\USERS\LOKO\DOCUMENTS\CODE\C++\JLMATH\JLMATH\RELEASE\JLMATH_TEST.OBJ
C:\USERS\LOKO\DOCUMENTS\CODE\C++\JLMATH\JLMATH\RELEASE\JLMATRIX4.OBJ
C:\USERS\LOKO\DOCUMENTS\CODE\C++\JLMATH\JLMATH\RELEASE\JLMEMORY.OBJ
C:\USERS\LOKO\DOCUMENTS\CODE\C++\JLMATH\JLMATH\RELEASE\JLQUATERNION.OBJ
C:\USERS\LOKO\DOCUMENTS\CODE\C++\JLMATH\JLMATH\RELEASE\JLRANDOM.OBJ
C:\USERS\LOKO\DOCUMENTS\CODE\C++\JLMATH\JLMATH\RELEASE\JLVECTOR2.OBJ
C:\USERS\LOKO\DOCUMENTS\CODE\C++\JLMATH\JLMATH\RELEASE\JLVECTOR4.OBJ
C:\Users\Loko\Documents\Code\C++\jlmath\jlmath\Release\link.command.1.tlog
C:\Users\Loko\Documents\Code\C++\jlmath\jlmath\Release\link.read.1.tlog
C:\Users\Loko\Documents\Code\C++\jlmath\jlmath\Release\link.write.1.tlog
C:\Users\Loko\Documents\Code\C++\jlmath\jlmath\Release\mt.command.1.tlog
C:\Users\Loko\Documents\Code\C++\jlmath\jlmath\Release\mt.read.1.tlog
C:\Users\Loko\Documents\Code\C++\jlmath\jlmath\Release\mt.write.1.tlog
C:\USERS\LOKO\DOCUMENTS\CODE\C++\JLMATH\JLMATH\RELEASE\VC100.PDB
C:\USERS\LOKO\DOCUMENTS\CODE\C++\JLMATH\RELEASE\JLMATH.EXE
C:\USERS\LOKO\DOCUMENTS\CODE\C++\JLMATH\RELEASE\JLMATH.PDB
