C:\Users\Loko\Documents\Code\C++\jlmath\jlmath\Release\cl.command.1.tlog
C:\Users\Loko\Documents\Code\C++\jlmath\jlmath\Release\CL.read.1.tlog
C:\Users\Loko\Documents\Code\C++\jlmath\jlmath\Release\CL.write.1.tlog
C:\USERS\LOKO\DOCUMENTS\CODE\C++\JLMATH\JLMATH\RELEASE\JLMATH_TEST.OBJ
C:\Users\Loko\Documents\Code\C++\jlmath\jlmath\Release\link.command.1.tlog
C:\Users\Loko\Documents\Code\C++\jlmath\jlmath\Release\link.read.1.tlog
C:\Users\Loko\Documents\Code\C++\jlmath\jlmath\Release\link.write.1.tlog
C:\Users\Loko\Documents\Code\C++\jlmath\jlmath\Release\mt.command.1.tlog
C:\Users\Loko\Documents\Code\C++\jlmath\jlmath\Release\mt.read.1.tlog
C:\Users\Loko\Documents\Code\C++\jlmath\jlmath\Release\mt.write.1.tlog
C:\USERS\LOKO\DOCUMENTS\CODE\C++\JLMATH\JLMATH\RELEASE\SBCORE.OBJ
C:\USERS\LOKO\DOCUMENTS\CODE\C++\JLMATH\JLMATH\RELEASE\SBMATH.EXE.INTERMEDIATE.MANIFEST
C:\USERS\LOKO\DOCUMENTS\CODE\C++\JLMATH\JLMATH\RELEASE\SBMATH.OBJ
C:\Users\Loko\Documents\Code\C++\jlmath\jlmath\Release\sbmath.write.1.tlog
C:\USERS\LOKO\DOCUMENTS\CODE\C++\JLMATH\JLMATH\RELEASE\SBMATRIX4.OBJ
C:\USERS\LOKO\DOCUMENTS\CODE\C++\JLMATH\JLMATH\RELEASE\SBMEMORY.OBJ
C:\USERS\LOKO\DOCUMENTS\CODE\C++\JLMATH\JLMATH\RELEASE\SBQUATERNION.OBJ
C:\USERS\LOKO\DOCUMENTS\CODE\C++\JLMATH\JLMATH\RELEASE\SBRANDOM.OBJ
C:\USERS\LOKO\DOCUMENTS\CODE\C++\JLMATH\JLMATH\RELEASE\SBVECTOR2.OBJ
C:\USERS\LOKO\DOCUMENTS\CODE\C++\JLMATH\JLMATH\RELEASE\SBVECTOR4.OBJ
C:\USERS\LOKO\DOCUMENTS\CODE\C++\JLMATH\JLMATH\RELEASE\VC100.PDB
C:\USERS\LOKO\DOCUMENTS\CODE\C++\JLMATH\RELEASE\SBMATH.EXE
C:\USERS\LOKO\DOCUMENTS\CODE\C++\JLMATH\RELEASE\SBMATH.PDB
